Vivado Simulator v2024.2.0
Copyright 1986-2022 Xilinx, Inc. All Rights Reserved.
Copyright 2022-2024 Advanced Micro Devices, Inc. All Rights Reserved.
Running: /home/umer-javed/viv/Vivado/2024.2/bin/unwrapped/lnx64.o/xelab --incr --debug typical --relax --mt 8 -L xil_defaultlib -L xbip_utils_v3_0_14 -L axi_utils_v2_0_10 -L xbip_pipe_v3_0_10 -L xbip_dsp48_wrapper_v3_0_6 -L mult_gen_v12_0_22 -L floating_point_v7_1_19 -L uvm -L unisims_ver -L unimacro_ver -L secureip -L xpm --snapshot tb_top_axi_dpe_wrapper_behav xil_defaultlib.tb_top_axi_dpe_wrapper xil_defaultlib.glbl -log elaborate.log 
Using 8 slave threads.
Starting static elaboration
Pass Through NonSizing Optimizer
WARNING: [VRFC 10-3091] actual bit length 128 differs from formal bit length 64 for port 'x_wr_en' [/home/umer-javed/Pictures/upload/project_simulation/project_simulation.srcs/sim_1/new/tb_top_axi_dpe_wrapper.sv:89]
WARNING: [VRFC 10-3705] select index 64 into 'x_wr_en' is out of bounds [/home/umer-javed/Pictures/upload/project_simulation/project_simulation.srcs/sources_1/new/top_dot_product_engine.sv:32]
Completed static elaboration
Starting simulation data flow analysis
WARNING: [XSIM 43-4099] "/home/umer-javed/Pictures/upload/project_simulation/project_simulation.srcs/sources_1/new/block_ram.sv" Line 1. Module block_ram doesn't have a timescale but at least one module in design has a timescale.
WARNING: [XSIM 43-4099] "/home/umer-javed/Pictures/upload/project_simulation/project_simulation.srcs/sources_1/new/block_ram.sv" Line 1. Module block_ram doesn't have a timescale but at least one module in design has a timescale.
WARNING: [XSIM 43-4099] "/home/umer-javed/Pictures/upload/project_simulation/project_simulation.srcs/sources_1/new/block_ram.sv" Line 1. Module block_ram doesn't have a timescale but at least one module in design has a timescale.
WARNING: [XSIM 43-4099] "/home/umer-javed/Pictures/upload/project_simulation/project_simulation.srcs/sources_1/new/block_ram.sv" Line 1. Module block_ram doesn't have a timescale but at least one module in design has a timescale.
WARNING: [XSIM 43-4099] "/home/umer-javed/Pictures/upload/project_simulation/project_simulation.srcs/sources_1/new/block_ram.sv" Line 1. Module block_ram doesn't have a timescale but at least one module in design has a timescale.
WARNING: [XSIM 43-4099] "/home/umer-javed/Pictures/upload/project_simulation/project_simulation.srcs/sources_1/new/block_ram.sv" Line 1. Module block_ram doesn't have a timescale but at least one module in design has a timescale.
WARNING: [XSIM 43-4099] "/home/umer-javed/Pictures/upload/project_simulation/project_simulation.srcs/sources_1/new/block_ram.sv" Line 1. Module block_ram doesn't have a timescale but at least one module in design has a timescale.
WARNING: [XSIM 43-4099] "/home/umer-javed/Pictures/upload/project_simulation/project_simulation.srcs/sources_1/new/block_ram.sv" Line 1. Module block_ram doesn't have a timescale but at least one module in design has a timescale.
WARNING: [XSIM 43-4099] "/home/umer-javed/Pictures/upload/project_simulation/project_simulation.srcs/sources_1/new/block_ram.sv" Line 1. Module block_ram doesn't have a timescale but at least one module in design has a timescale.
WARNING: [XSIM 43-4099] "/home/umer-javed/Pictures/upload/project_simulation/project_simulation.srcs/sources_1/new/block_ram.sv" Line 1. Module block_ram doesn't have a timescale but at least one module in design has a timescale.
WARNING: [XSIM 43-4099] "/home/umer-javed/Pictures/upload/project_simulation/project_simulation.srcs/sources_1/new/block_ram.sv" Line 1. Module block_ram doesn't have a timescale but at least one module in design has a timescale.
WARNING: [XSIM 43-4099] "/home/umer-javed/Pictures/upload/project_simulation/project_simulation.srcs/sources_1/new/block_ram.sv" Line 1. Module block_ram doesn't have a timescale but at least one module in design has a timescale.
WARNING: [XSIM 43-4099] "/home/umer-javed/Pictures/upload/project_simulation/project_simulation.srcs/sources_1/new/block_ram.sv" Line 1. Module block_ram doesn't have a timescale but at least one module in design has a timescale.
WARNING: [XSIM 43-4099] "/home/umer-javed/Pictures/upload/project_simulation/project_simulation.srcs/sources_1/new/block_ram.sv" Line 1. Module block_ram doesn't have a timescale but at least one module in design has a timescale.
WARNING: [XSIM 43-4099] "/home/umer-javed/Pictures/upload/project_simulation/project_simulation.srcs/sources_1/new/block_ram.sv" Line 1. Module block_ram doesn't have a timescale but at least one module in design has a timescale.
WARNING: [XSIM 43-4099] "/home/umer-javed/Pictures/upload/project_simulation/project_simulation.srcs/sources_1/new/block_ram.sv" Line 1. Module block_ram doesn't have a timescale but at least one module in design has a timescale.
WARNING: [XSIM 43-4099] "/home/umer-javed/Pictures/upload/project_simulation/project_simulation.srcs/sources_1/new/block_ram.sv" Line 1. Module block_ram doesn't have a timescale but at least one module in design has a timescale.
WARNING: [XSIM 43-4099] "/home/umer-javed/Pictures/upload/project_simulation/project_simulation.srcs/sources_1/new/block_ram.sv" Line 1. Module block_ram doesn't have a timescale but at least one module in design has a timescale.
WARNING: [XSIM 43-4099] "/home/umer-javed/Pictures/upload/project_simulation/project_simulation.srcs/sources_1/new/block_ram.sv" Line 1. Module block_ram doesn't have a timescale but at least one module in design has a timescale.
WARNING: [XSIM 43-4099] "/home/umer-javed/Pictures/upload/project_simulation/project_simulation.srcs/sources_1/new/block_ram.sv" Line 1. Module block_ram doesn't have a timescale but at least one module in design has a timescale.
WARNING: [XSIM 43-4099] "/home/umer-javed/Pictures/upload/project_simulation/project_simulation.srcs/sources_1/new/block_ram.sv" Line 1. Module block_ram doesn't have a timescale but at least one module in design has a timescale.
WARNING: [XSIM 43-4099] "/home/umer-javed/Pictures/upload/project_simulation/project_simulation.srcs/sources_1/new/block_ram.sv" Line 1. Module block_ram doesn't have a timescale but at least one module in design has a timescale.
WARNING: [XSIM 43-4099] "/home/umer-javed/Pictures/upload/project_simulation/project_simulation.srcs/sources_1/new/block_ram.sv" Line 1. Module block_ram doesn't have a timescale but at least one module in design has a timescale.
WARNING: [XSIM 43-4099] "/home/umer-javed/Pictures/upload/project_simulation/project_simulation.srcs/sources_1/new/block_ram.sv" Line 1. Module block_ram doesn't have a timescale but at least one module in design has a timescale.
WARNING: [XSIM 43-4099] "/home/umer-javed/Pictures/upload/project_simulation/project_simulation.srcs/sources_1/new/block_ram.sv" Line 1. Module block_ram doesn't have a timescale but at least one module in design has a timescale.
WARNING: [XSIM 43-4099] "/home/umer-javed/Pictures/upload/project_simulation/project_simulation.srcs/sources_1/new/block_ram.sv" Line 1. Module block_ram doesn't have a timescale but at least one module in design has a timescale.
WARNING: [XSIM 43-4099] "/home/umer-javed/Pictures/upload/project_simulation/project_simulation.srcs/sources_1/new/block_ram.sv" Line 1. Module block_ram doesn't have a timescale but at least one module in design has a timescale.
WARNING: [XSIM 43-4099] "/home/umer-javed/Pictures/upload/project_simulation/project_simulation.srcs/sources_1/new/block_ram.sv" Line 1. Module block_ram doesn't have a timescale but at least one module in design has a timescale.
WARNING: [XSIM 43-4099] "/home/umer-javed/Pictures/upload/project_simulation/project_simulation.srcs/sources_1/new/block_ram.sv" Line 1. Module block_ram doesn't have a timescale but at least one module in design has a timescale.
WARNING: [XSIM 43-4099] "/home/umer-javed/Pictures/upload/project_simulation/project_simulation.srcs/sources_1/new/block_ram.sv" Line 1. Module block_ram doesn't have a timescale but at least one module in design has a timescale.
WARNING: [XSIM 43-4099] "/home/umer-javed/Pictures/upload/project_simulation/project_simulation.srcs/sources_1/new/block_ram.sv" Line 1. Module block_ram doesn't have a timescale but at least one module in design has a timescale.
WARNING: [XSIM 43-4099] "/home/umer-javed/Pictures/upload/project_simulation/project_simulation.srcs/sources_1/new/block_ram.sv" Line 1. Module block_ram doesn't have a timescale but at least one module in design has a timescale.
WARNING: [XSIM 43-4099] "/home/umer-javed/Pictures/upload/project_simulation/project_simulation.srcs/sources_1/new/block_ram.sv" Line 1. Module block_ram doesn't have a timescale but at least one module in design has a timescale.
WARNING: [XSIM 43-4099] "/home/umer-javed/Pictures/upload/project_simulation/project_simulation.srcs/sources_1/new/block_ram.sv" Line 1. Module block_ram doesn't have a timescale but at least one module in design has a timescale.
WARNING: [XSIM 43-4099] "/home/umer-javed/Pictures/upload/project_simulation/project_simulation.srcs/sources_1/new/block_ram.sv" Line 1. Module block_ram doesn't have a timescale but at least one module in design has a timescale.
WARNING: [XSIM 43-4099] "/home/umer-javed/Pictures/upload/project_simulation/project_simulation.srcs/sources_1/new/block_ram.sv" Line 1. Module block_ram doesn't have a timescale but at least one module in design has a timescale.
WARNING: [XSIM 43-4099] "/home/umer-javed/Pictures/upload/project_simulation/project_simulation.srcs/sources_1/new/block_ram.sv" Line 1. Module block_ram doesn't have a timescale but at least one module in design has a timescale.
WARNING: [XSIM 43-4099] "/home/umer-javed/Pictures/upload/project_simulation/project_simulation.srcs/sources_1/new/block_ram.sv" Line 1. Module block_ram doesn't have a timescale but at least one module in design has a timescale.
WARNING: [XSIM 43-4099] "/home/umer-javed/Pictures/upload/project_simulation/project_simulation.srcs/sources_1/new/block_ram.sv" Line 1. Module block_ram doesn't have a timescale but at least one module in design has a timescale.
WARNING: [XSIM 43-4099] "/home/umer-javed/Pictures/upload/project_simulation/project_simulation.srcs/sources_1/new/block_ram.sv" Line 1. Module block_ram doesn't have a timescale but at least one module in design has a timescale.
WARNING: [XSIM 43-4099] "/home/umer-javed/Pictures/upload/project_simulation/project_simulation.srcs/sources_1/new/block_ram.sv" Line 1. Module block_ram doesn't have a timescale but at least one module in design has a timescale.
WARNING: [XSIM 43-4099] "/home/umer-javed/Pictures/upload/project_simulation/project_simulation.srcs/sources_1/new/block_ram.sv" Line 1. Module block_ram doesn't have a timescale but at least one module in design has a timescale.
WARNING: [XSIM 43-4099] "/home/umer-javed/Pictures/upload/project_simulation/project_simulation.srcs/sources_1/new/block_ram.sv" Line 1. Module block_ram doesn't have a timescale but at least one module in design has a timescale.
WARNING: [XSIM 43-4099] "/home/umer-javed/Pictures/upload/project_simulation/project_simulation.srcs/sources_1/new/block_ram.sv" Line 1. Module block_ram doesn't have a timescale but at least one module in design has a timescale.
WARNING: [XSIM 43-4099] "/home/umer-javed/Pictures/upload/project_simulation/project_simulation.srcs/sources_1/new/block_ram.sv" Line 1. Module block_ram doesn't have a timescale but at least one module in design has a timescale.
WARNING: [XSIM 43-4099] "/home/umer-javed/Pictures/upload/project_simulation/project_simulation.srcs/sources_1/new/block_ram.sv" Line 1. Module block_ram doesn't have a timescale but at least one module in design has a timescale.
WARNING: [XSIM 43-4099] "/home/umer-javed/Pictures/upload/project_simulation/project_simulation.srcs/sources_1/new/block_ram.sv" Line 1. Module block_ram doesn't have a timescale but at least one module in design has a timescale.
WARNING: [XSIM 43-4099] "/home/umer-javed/Pictures/upload/project_simulation/project_simulation.srcs/sources_1/new/block_ram.sv" Line 1. Module block_ram doesn't have a timescale but at least one module in design has a timescale.
WARNING: [XSIM 43-4099] "/home/umer-javed/Pictures/upload/project_simulation/project_simulation.srcs/sources_1/new/block_ram.sv" Line 1. Module block_ram doesn't have a timescale but at least one module in design has a timescale.
WARNING: [XSIM 43-4099] "/home/umer-javed/Pictures/upload/project_simulation/project_simulation.srcs/sources_1/new/block_ram.sv" Line 1. Module block_ram doesn't have a timescale but at least one module in design has a timescale.
WARNING: [XSIM 43-4099] "/home/umer-javed/Pictures/upload/project_simulation/project_simulation.srcs/sources_1/new/block_ram.sv" Line 1. Module block_ram doesn't have a timescale but at least one module in design has a timescale.
WARNING: [XSIM 43-4099] "/home/umer-javed/Pictures/upload/project_simulation/project_simulation.srcs/sources_1/new/block_ram.sv" Line 1. Module block_ram doesn't have a timescale but at least one module in design has a timescale.
WARNING: [XSIM 43-4099] "/home/umer-javed/Pictures/upload/project_simulation/project_simulation.srcs/sources_1/new/block_ram.sv" Line 1. Module block_ram doesn't have a timescale but at least one module in design has a timescale.
WARNING: [XSIM 43-4099] "/home/umer-javed/Pictures/upload/project_simulation/project_simulation.srcs/sources_1/new/block_ram.sv" Line 1. Module block_ram doesn't have a timescale but at least one module in design has a timescale.
WARNING: [XSIM 43-4099] "/home/umer-javed/Pictures/upload/project_simulation/project_simulation.srcs/sources_1/new/block_ram.sv" Line 1. Module block_ram doesn't have a timescale but at least one module in design has a timescale.
WARNING: [XSIM 43-4099] "/home/umer-javed/Pictures/upload/project_simulation/project_simulation.srcs/sources_1/new/block_ram.sv" Line 1. Module block_ram doesn't have a timescale but at least one module in design has a timescale.
WARNING: [XSIM 43-4099] "/home/umer-javed/Pictures/upload/project_simulation/project_simulation.srcs/sources_1/new/block_ram.sv" Line 1. Module block_ram doesn't have a timescale but at least one module in design has a timescale.
WARNING: [XSIM 43-4099] "/home/umer-javed/Pictures/upload/project_simulation/project_simulation.srcs/sources_1/new/block_ram.sv" Line 1. Module block_ram doesn't have a timescale but at least one module in design has a timescale.
WARNING: [XSIM 43-4099] "/home/umer-javed/Pictures/upload/project_simulation/project_simulation.srcs/sources_1/new/block_ram.sv" Line 1. Module block_ram doesn't have a timescale but at least one module in design has a timescale.
WARNING: [XSIM 43-4099] "/home/umer-javed/Pictures/upload/project_simulation/project_simulation.srcs/sources_1/new/block_ram.sv" Line 1. Module block_ram doesn't have a timescale but at least one module in design has a timescale.
WARNING: [XSIM 43-4099] "/home/umer-javed/Pictures/upload/project_simulation/project_simulation.srcs/sources_1/new/block_ram.sv" Line 1. Module block_ram doesn't have a timescale but at least one module in design has a timescale.
WARNING: [XSIM 43-4099] "/home/umer-javed/Pictures/upload/project_simulation/project_simulation.srcs/sources_1/new/block_ram.sv" Line 1. Module block_ram doesn't have a timescale but at least one module in design has a timescale.
WARNING: [XSIM 43-4099] "/home/umer-javed/Pictures/upload/project_simulation/project_simulation.srcs/sources_1/new/block_ram.sv" Line 1. Module block_ram doesn't have a timescale but at least one module in design has a timescale.
WARNING: [XSIM 43-4099] "/home/umer-javed/Pictures/upload/project_simulation/project_simulation.srcs/sources_1/new/block_ram.sv" Line 1. Module block_ram doesn't have a timescale but at least one module in design has a timescale.
WARNING: [XSIM 43-4099] "/home/umer-javed/Pictures/upload/project_simulation/project_simulation.srcs/sources_1/new/block_ram.sv" Line 1. Module block_ram doesn't have a timescale but at least one module in design has a timescale.
WARNING: [XSIM 43-4099] "/home/umer-javed/Pictures/upload/project_simulation/project_simulation.srcs/sources_1/new/block_ram.sv" Line 1. Module block_ram doesn't have a timescale but at least one module in design has a timescale.
WARNING: [XSIM 43-4099] "/home/umer-javed/Pictures/upload/project_simulation/project_simulation.srcs/sources_1/new/block_ram.sv" Line 1. Module block_ram doesn't have a timescale but at least one module in design has a timescale.
WARNING: [XSIM 43-4099] "/home/umer-javed/Pictures/upload/project_simulation/project_simulation.srcs/sources_1/new/block_ram.sv" Line 1. Module block_ram doesn't have a timescale but at least one module in design has a timescale.
WARNING: [XSIM 43-4099] "/home/umer-javed/Pictures/upload/project_simulation/project_simulation.srcs/sources_1/new/block_ram.sv" Line 1. Module block_ram doesn't have a timescale but at least one module in design has a timescale.
WARNING: [XSIM 43-4099] "/home/umer-javed/Pictures/upload/project_simulation/project_simulation.srcs/sources_1/new/block_ram.sv" Line 1. Module block_ram doesn't have a timescale but at least one module in design has a timescale.
WARNING: [XSIM 43-4099] "/home/umer-javed/Pictures/upload/project_simulation/project_simulation.srcs/sources_1/new/block_ram.sv" Line 1. Module block_ram doesn't have a timescale but at least one module in design has a timescale.
WARNING: [XSIM 43-4099] "/home/umer-javed/Pictures/upload/project_simulation/project_simulation.srcs/sources_1/new/block_ram.sv" Line 1. Module block_ram doesn't have a timescale but at least one module in design has a timescale.
WARNING: [XSIM 43-4099] "/home/umer-javed/Pictures/upload/project_simulation/project_simulation.srcs/sources_1/new/block_ram.sv" Line 1. Module block_ram doesn't have a timescale but at least one module in design has a timescale.
WARNING: [XSIM 43-4099] "/home/umer-javed/Pictures/upload/project_simulation/project_simulation.srcs/sources_1/new/block_ram.sv" Line 1. Module block_ram doesn't have a timescale but at least one module in design has a timescale.
WARNING: [XSIM 43-4099] "/home/umer-javed/Pictures/upload/project_simulation/project_simulation.srcs/sources_1/new/block_ram.sv" Line 1. Module block_ram doesn't have a timescale but at least one module in design has a timescale.
WARNING: [XSIM 43-4099] "/home/umer-javed/Pictures/upload/project_simulation/project_simulation.srcs/sources_1/new/block_ram.sv" Line 1. Module block_ram doesn't have a timescale but at least one module in design has a timescale.
WARNING: [XSIM 43-4099] "/home/umer-javed/Pictures/upload/project_simulation/project_simulation.srcs/sources_1/new/block_ram.sv" Line 1. Module block_ram doesn't have a timescale but at least one module in design has a timescale.
WARNING: [XSIM 43-4099] "/home/umer-javed/Pictures/upload/project_simulation/project_simulation.srcs/sources_1/new/block_ram.sv" Line 1. Module block_ram doesn't have a timescale but at least one module in design has a timescale.
WARNING: [XSIM 43-4099] "/home/umer-javed/Pictures/upload/project_simulation/project_simulation.srcs/sources_1/new/block_ram.sv" Line 1. Module block_ram doesn't have a timescale but at least one module in design has a timescale.
WARNING: [XSIM 43-4099] "/home/umer-javed/Pictures/upload/project_simulation/project_simulation.srcs/sources_1/new/block_ram.sv" Line 1. Module block_ram doesn't have a timescale but at least one module in design has a timescale.
WARNING: [XSIM 43-4099] "/home/umer-javed/Pictures/upload/project_simulation/project_simulation.srcs/sources_1/new/block_ram.sv" Line 1. Module block_ram doesn't have a timescale but at least one module in design has a timescale.
WARNING: [XSIM 43-4099] "/home/umer-javed/Pictures/upload/project_simulation/project_simulation.srcs/sources_1/new/block_ram.sv" Line 1. Module block_ram doesn't have a timescale but at least one module in design has a timescale.
WARNING: [XSIM 43-4099] "/home/umer-javed/Pictures/upload/project_simulation/project_simulation.srcs/sources_1/new/block_ram.sv" Line 1. Module block_ram doesn't have a timescale but at least one module in design has a timescale.
WARNING: [XSIM 43-4099] "/home/umer-javed/Pictures/upload/project_simulation/project_simulation.srcs/sources_1/new/block_ram.sv" Line 1. Module block_ram doesn't have a timescale but at least one module in design has a timescale.
WARNING: [XSIM 43-4099] "/home/umer-javed/Pictures/upload/project_simulation/project_simulation.srcs/sources_1/new/block_ram.sv" Line 1. Module block_ram doesn't have a timescale but at least one module in design has a timescale.
WARNING: [XSIM 43-4099] "/home/umer-javed/Pictures/upload/project_simulation/project_simulation.srcs/sources_1/new/block_ram.sv" Line 1. Module block_ram doesn't have a timescale but at least one module in design has a timescale.
WARNING: [XSIM 43-4099] "/home/umer-javed/Pictures/upload/project_simulation/project_simulation.srcs/sources_1/new/block_ram.sv" Line 1. Module block_ram doesn't have a timescale but at least one module in design has a timescale.
WARNING: [XSIM 43-4099] "/home/umer-javed/Pictures/upload/project_simulation/project_simulation.srcs/sources_1/new/block_ram.sv" Line 1. Module block_ram doesn't have a timescale but at least one module in design has a timescale.
WARNING: [XSIM 43-4099] "/home/umer-javed/Pictures/upload/project_simulation/project_simulation.srcs/sources_1/new/block_ram.sv" Line 1. Module block_ram doesn't have a timescale but at least one module in design has a timescale.
WARNING: [XSIM 43-4099] "/home/umer-javed/Pictures/upload/project_simulation/project_simulation.srcs/sources_1/new/block_ram.sv" Line 1. Module block_ram doesn't have a timescale but at least one module in design has a timescale.
WARNING: [XSIM 43-4099] "/home/umer-javed/Pictures/upload/project_simulation/project_simulation.srcs/sources_1/new/block_ram.sv" Line 1. Module block_ram doesn't have a timescale but at least one module in design has a timescale.
WARNING: [XSIM 43-4099] "/home/umer-javed/Pictures/upload/project_simulation/project_simulation.srcs/sources_1/new/block_ram.sv" Line 1. Module block_ram doesn't have a timescale but at least one module in design has a timescale.
WARNING: [XSIM 43-4099] "/home/umer-javed/Pictures/upload/project_simulation/project_simulation.srcs/sources_1/new/block_ram.sv" Line 1. Module block_ram doesn't have a timescale but at least one module in design has a timescale.
WARNING: [XSIM 43-4099] "/home/umer-javed/Pictures/upload/project_simulation/project_simulation.srcs/sources_1/new/block_ram.sv" Line 1. Module block_ram doesn't have a timescale but at least one module in design has a timescale.
WARNING: [XSIM 43-4099] "/home/umer-javed/Pictures/upload/project_simulation/project_simulation.srcs/sources_1/new/block_ram.sv" Line 1. Module block_ram doesn't have a timescale but at least one module in design has a timescale.
WARNING: [XSIM 43-4099] "/home/umer-javed/Pictures/upload/project_simulation/project_simulation.srcs/sources_1/new/block_ram.sv" Line 1. Module block_ram doesn't have a timescale but at least one module in design has a timescale.
WARNING: [XSIM 43-4099] "/home/umer-javed/Pictures/upload/project_simulation/project_simulation.srcs/sources_1/new/block_ram.sv" Line 1. Module block_ram doesn't have a timescale but at least one module in design has a timescale.
WARNING: [XSIM 43-4099] "/home/umer-javed/Pictures/upload/project_simulation/project_simulation.srcs/sources_1/new/block_ram.sv" Line 1. Module block_ram doesn't have a timescale but at least one module in design has a timescale.
WARNING: [XSIM 43-4099] "/home/umer-javed/Pictures/upload/project_simulation/project_simulation.srcs/sources_1/new/block_ram.sv" Line 1. Module block_ram doesn't have a timescale but at least one module in design has a timescale.
WARNING: [XSIM 43-4099] "/home/umer-javed/Pictures/upload/project_simulation/project_simulation.srcs/sources_1/new/block_ram.sv" Line 1. Module block_ram doesn't have a timescale but at least one module in design has a timescale.
WARNING: [XSIM 43-4099] "/home/umer-javed/Pictures/upload/project_simulation/project_simulation.srcs/sources_1/new/block_ram.sv" Line 1. Module block_ram doesn't have a timescale but at least one module in design has a timescale.
WARNING: [XSIM 43-4099] "/home/umer-javed/Pictures/upload/project_simulation/project_simulation.srcs/sources_1/new/block_ram.sv" Line 1. Module block_ram doesn't have a timescale but at least one module in design has a timescale.
WARNING: [XSIM 43-4099] "/home/umer-javed/Pictures/upload/project_simulation/project_simulation.srcs/sources_1/new/block_ram.sv" Line 1. Module block_ram doesn't have a timescale but at least one module in design has a timescale.
WARNING: [XSIM 43-4099] "/home/umer-javed/Pictures/upload/project_simulation/project_simulation.srcs/sources_1/new/block_ram.sv" Line 1. Module block_ram doesn't have a timescale but at least one module in design has a timescale.
WARNING: [XSIM 43-4099] "/home/umer-javed/Pictures/upload/project_simulation/project_simulation.srcs/sources_1/new/block_ram.sv" Line 1. Module block_ram doesn't have a timescale but at least one module in design has a timescale.
WARNING: [XSIM 43-4099] "/home/umer-javed/Pictures/upload/project_simulation/project_simulation.srcs/sources_1/new/block_ram.sv" Line 1. Module block_ram doesn't have a timescale but at least one module in design has a timescale.
WARNING: [XSIM 43-4099] "/home/umer-javed/Pictures/upload/project_simulation/project_simulation.srcs/sources_1/new/block_ram.sv" Line 1. Module block_ram doesn't have a timescale but at least one module in design has a timescale.
WARNING: [XSIM 43-4099] "/home/umer-javed/Pictures/upload/project_simulation/project_simulation.srcs/sources_1/new/block_ram.sv" Line 1. Module block_ram doesn't have a timescale but at least one module in design has a timescale.
WARNING: [XSIM 43-4099] "/home/umer-javed/Pictures/upload/project_simulation/project_simulation.srcs/sources_1/new/block_ram.sv" Line 1. Module block_ram doesn't have a timescale but at least one module in design has a timescale.
WARNING: [XSIM 43-4099] "/home/umer-javed/Pictures/upload/project_simulation/project_simulation.srcs/sources_1/new/block_ram.sv" Line 1. Module block_ram doesn't have a timescale but at least one module in design has a timescale.
WARNING: [XSIM 43-4099] "/home/umer-javed/Pictures/upload/project_simulation/project_simulation.srcs/sources_1/new/block_ram.sv" Line 1. Module block_ram doesn't have a timescale but at least one module in design has a timescale.
WARNING: [XSIM 43-4099] "/home/umer-javed/Pictures/upload/project_simulation/project_simulation.srcs/sources_1/new/block_ram.sv" Line 1. Module block_ram doesn't have a timescale but at least one module in design has a timescale.
WARNING: [XSIM 43-4099] "/home/umer-javed/Pictures/upload/project_simulation/project_simulation.srcs/sources_1/new/block_ram.sv" Line 1. Module block_ram doesn't have a timescale but at least one module in design has a timescale.
WARNING: [XSIM 43-4099] "/home/umer-javed/Pictures/upload/project_simulation/project_simulation.srcs/sources_1/new/block_ram.sv" Line 1. Module block_ram doesn't have a timescale but at least one module in design has a timescale.
WARNING: [XSIM 43-4099] "/home/umer-javed/Pictures/upload/project_simulation/project_simulation.srcs/sources_1/new/block_ram.sv" Line 1. Module block_ram doesn't have a timescale but at least one module in design has a timescale.
WARNING: [XSIM 43-4099] "/home/umer-javed/Pictures/upload/project_simulation/project_simulation.srcs/sources_1/new/block_ram.sv" Line 1. Module block_ram doesn't have a timescale but at least one module in design has a timescale.
WARNING: [XSIM 43-4099] "/home/umer-javed/Pictures/upload/project_simulation/project_simulation.srcs/sources_1/new/block_ram.sv" Line 1. Module block_ram doesn't have a timescale but at least one module in design has a timescale.
WARNING: [XSIM 43-4099] "/home/umer-javed/Pictures/upload/project_simulation/project_simulation.srcs/sources_1/new/block_ram.sv" Line 1. Module block_ram doesn't have a timescale but at least one module in design has a timescale.
WARNING: [XSIM 43-4099] "/home/umer-javed/Pictures/upload/project_simulation/project_simulation.srcs/sources_1/new/block_ram.sv" Line 1. Module block_ram doesn't have a timescale but at least one module in design has a timescale.
WARNING: [XSIM 43-4099] "/home/umer-javed/Pictures/upload/project_simulation/project_simulation.srcs/sources_1/new/block_ram.sv" Line 1. Module block_ram doesn't have a timescale but at least one module in design has a timescale.
WARNING: [XSIM 43-4099] "/home/umer-javed/Pictures/upload/project_simulation/project_simulation.srcs/sources_1/new/block_ram.sv" Line 1. Module block_ram doesn't have a timescale but at least one module in design has a timescale.
WARNING: [XSIM 43-4099] "/home/umer-javed/Pictures/upload/project_simulation/project_simulation.srcs/sources_1/new/block_ram.sv" Line 1. Module block_ram doesn't have a timescale but at least one module in design has a timescale.
WARNING: [XSIM 43-4099] "/home/umer-javed/Pictures/upload/project_simulation/project_simulation.srcs/sources_1/new/block_ram.sv" Line 1. Module block_ram doesn't have a timescale but at least one module in design has a timescale.
WARNING: [XSIM 43-4099] "/home/umer-javed/Pictures/upload/project_simulation/project_simulation.srcs/sources_1/new/block_ram.sv" Line 1. Module block_ram doesn't have a timescale but at least one module in design has a timescale.
WARNING: [XSIM 43-4099] "/home/umer-javed/Pictures/upload/project_simulation/project_simulation.srcs/sources_1/new/block_ram.sv" Line 1. Module block_ram doesn't have a timescale but at least one module in design has a timescale.
WARNING: [XSIM 43-4099] "/home/umer-javed/Pictures/upload/project_simulation/project_simulation.srcs/sources_1/new/block_ram.sv" Line 1. Module block_ram doesn't have a timescale but at least one module in design has a timescale.
WARNING: [XSIM 43-4099] "/home/umer-javed/Pictures/upload/project_simulation/project_simulation.srcs/sources_1/new/block_ram.sv" Line 1. Module block_ram doesn't have a timescale but at least one module in design has a timescale.
WARNING: [XSIM 43-4099] "/home/umer-javed/Pictures/upload/project_simulation/project_simulation.srcs/sources_1/new/block_ram.sv" Line 1. Module block_ram doesn't have a timescale but at least one module in design has a timescale.
WARNING: [XSIM 43-4099] "/home/umer-javed/Pictures/upload/project_simulation/project_simulation.srcs/sources_1/new/block_ram.sv" Line 1. Module block_ram doesn't have a timescale but at least one module in design has a timescale.
WARNING: [XSIM 43-4099] "/home/umer-javed/Pictures/upload/project_simulation/project_simulation.srcs/sources_1/new/block_ram.sv" Line 1. Module block_ram doesn't have a timescale but at least one module in design has a timescale.
WARNING: [XSIM 43-4099] "/home/umer-javed/Pictures/upload/project_simulation/project_simulation.srcs/sources_1/new/block_ram.sv" Line 1. Module block_ram doesn't have a timescale but at least one module in design has a timescale.
WARNING: [XSIM 43-4099] "/home/umer-javed/Pictures/upload/project_simulation/project_simulation.srcs/sources_1/new/block_ram.sv" Line 1. Module block_ram doesn't have a timescale but at least one module in design has a timescale.
WARNING: [XSIM 43-4099] "/home/umer-javed/Pictures/upload/project_simulation/project_simulation.srcs/sources_1/new/block_ram.sv" Line 1. Module block_ram doesn't have a timescale but at least one module in design has a timescale.
WARNING: [XSIM 43-4099] "/home/umer-javed/Pictures/upload/project_simulation/project_simulation.srcs/sources_1/new/block_ram.sv" Line 1. Module block_ram doesn't have a timescale but at least one module in design has a timescale.
WARNING: [XSIM 43-4099] "/home/umer-javed/Pictures/upload/project_simulation/project_simulation.srcs/sources_1/new/block_ram.sv" Line 1. Module block_ram doesn't have a timescale but at least one module in design has a timescale.
WARNING: [XSIM 43-4099] "/home/umer-javed/Pictures/upload/project_simulation/project_simulation.srcs/sources_1/new/block_ram.sv" Line 1. Module block_ram doesn't have a timescale but at least one module in design has a timescale.
WARNING: [XSIM 43-4099] "/home/umer-javed/Pictures/upload/project_simulation/project_simulation.srcs/sources_1/new/block_ram.sv" Line 1. Module block_ram doesn't have a timescale but at least one module in design has a timescale.
WARNING: [XSIM 43-4099] "/home/umer-javed/Pictures/upload/project_simulation/project_simulation.srcs/sources_1/new/block_ram.sv" Line 1. Module block_ram doesn't have a timescale but at least one module in design has a timescale.
WARNING: [XSIM 43-4099] "/home/umer-javed/Pictures/upload/project_simulation/project_simulation.srcs/sources_1/new/block_ram.sv" Line 1. Module block_ram doesn't have a timescale but at least one module in design has a timescale.
WARNING: [XSIM 43-4099] "/home/umer-javed/Pictures/upload/project_simulation/project_simulation.srcs/sources_1/new/block_ram.sv" Line 1. Module block_ram doesn't have a timescale but at least one module in design has a timescale.
WARNING: [XSIM 43-4099] "/home/umer-javed/Pictures/upload/project_simulation/project_simulation.srcs/sources_1/new/block_ram.sv" Line 1. Module block_ram doesn't have a timescale but at least one module in design has a timescale.
WARNING: [XSIM 43-4099] "/home/umer-javed/Pictures/upload/project_simulation/project_simulation.srcs/sources_1/new/block_ram.sv" Line 1. Module block_ram doesn't have a timescale but at least one module in design has a timescale.
WARNING: [XSIM 43-4099] "/home/umer-javed/Pictures/upload/project_simulation/project_simulation.srcs/sources_1/new/block_ram.sv" Line 1. Module block_ram doesn't have a timescale but at least one module in design has a timescale.
WARNING: [XSIM 43-4099] "/home/umer-javed/Pictures/upload/project_simulation/project_simulation.srcs/sources_1/new/block_ram.sv" Line 1. Module block_ram doesn't have a timescale but at least one module in design has a timescale.
WARNING: [XSIM 43-4099] "/home/umer-javed/Pictures/upload/project_simulation/project_simulation.srcs/sources_1/new/block_ram.sv" Line 1. Module block_ram doesn't have a timescale but at least one module in design has a timescale.
WARNING: [XSIM 43-4099] "/home/umer-javed/Pictures/upload/project_simulation/project_simulation.srcs/sources_1/new/block_ram.sv" Line 1. Module block_ram doesn't have a timescale but at least one module in design has a timescale.
WARNING: [XSIM 43-4099] "/home/umer-javed/Pictures/upload/project_simulation/project_simulation.srcs/sources_1/new/block_ram.sv" Line 1. Module block_ram doesn't have a timescale but at least one module in design has a timescale.
WARNING: [XSIM 43-4099] "/home/umer-javed/Pictures/upload/project_simulation/project_simulation.srcs/sources_1/new/block_ram.sv" Line 1. Module block_ram doesn't have a timescale but at least one module in design has a timescale.
WARNING: [XSIM 43-4099] "/home/umer-javed/Pictures/upload/project_simulation/project_simulation.srcs/sources_1/new/block_ram.sv" Line 1. Module block_ram doesn't have a timescale but at least one module in design has a timescale.
WARNING: [XSIM 43-4099] "/home/umer-javed/Pictures/upload/project_simulation/project_simulation.srcs/sources_1/new/block_ram.sv" Line 1. Module block_ram doesn't have a timescale but at least one module in design has a timescale.
WARNING: [XSIM 43-4099] "/home/umer-javed/Pictures/upload/project_simulation/project_simulation.srcs/sources_1/new/block_ram.sv" Line 1. Module block_ram doesn't have a timescale but at least one module in design has a timescale.
WARNING: [XSIM 43-4099] "/home/umer-javed/Pictures/upload/project_simulation/project_simulation.srcs/sources_1/new/block_ram.sv" Line 1. Module block_ram doesn't have a timescale but at least one module in design has a timescale.
WARNING: [XSIM 43-4099] "/home/umer-javed/Pictures/upload/project_simulation/project_simulation.srcs/sources_1/new/block_ram.sv" Line 1. Module block_ram doesn't have a timescale but at least one module in design has a timescale.
WARNING: [XSIM 43-4099] "/home/umer-javed/Pictures/upload/project_simulation/project_simulation.srcs/sources_1/new/block_ram.sv" Line 1. Module block_ram doesn't have a timescale but at least one module in design has a timescale.
WARNING: [XSIM 43-4099] "/home/umer-javed/Pictures/upload/project_simulation/project_simulation.srcs/sources_1/new/block_ram.sv" Line 1. Module block_ram doesn't have a timescale but at least one module in design has a timescale.
WARNING: [XSIM 43-4099] "/home/umer-javed/Pictures/upload/project_simulation/project_simulation.srcs/sources_1/new/block_ram.sv" Line 1. Module block_ram doesn't have a timescale but at least one module in design has a timescale.
WARNING: [XSIM 43-4099] "/home/umer-javed/Pictures/upload/project_simulation/project_simulation.srcs/sources_1/new/block_ram.sv" Line 1. Module block_ram doesn't have a timescale but at least one module in design has a timescale.
WARNING: [XSIM 43-4099] "/home/umer-javed/Pictures/upload/project_simulation/project_simulation.srcs/sources_1/new/block_ram.sv" Line 1. Module block_ram doesn't have a timescale but at least one module in design has a timescale.
WARNING: [XSIM 43-4099] "/home/umer-javed/Pictures/upload/project_simulation/project_simulation.srcs/sources_1/new/block_ram.sv" Line 1. Module block_ram doesn't have a timescale but at least one module in design has a timescale.
WARNING: [XSIM 43-4099] "/home/umer-javed/Pictures/upload/project_simulation/project_simulation.srcs/sources_1/new/block_ram.sv" Line 1. Module block_ram doesn't have a timescale but at least one module in design has a timescale.
WARNING: [XSIM 43-4099] "/home/umer-javed/Pictures/upload/project_simulation/project_simulation.srcs/sources_1/new/block_ram.sv" Line 1. Module block_ram doesn't have a timescale but at least one module in design has a timescale.
WARNING: [XSIM 43-4099] "/home/umer-javed/Pictures/upload/project_simulation/project_simulation.srcs/sources_1/new/block_ram.sv" Line 1. Module block_ram doesn't have a timescale but at least one module in design has a timescale.
WARNING: [XSIM 43-4099] "/home/umer-javed/Pictures/upload/project_simulation/project_simulation.srcs/sources_1/new/block_ram.sv" Line 1. Module block_ram doesn't have a timescale but at least one module in design has a timescale.
WARNING: [XSIM 43-4099] "/home/umer-javed/Pictures/upload/project_simulation/project_simulation.srcs/sources_1/new/block_ram.sv" Line 1. Module block_ram doesn't have a timescale but at least one module in design has a timescale.
WARNING: [XSIM 43-4099] "/home/umer-javed/Pictures/upload/project_simulation/project_simulation.srcs/sources_1/new/block_ram.sv" Line 1. Module block_ram doesn't have a timescale but at least one module in design has a timescale.
WARNING: [XSIM 43-4099] "/home/umer-javed/Pictures/upload/project_simulation/project_simulation.srcs/sources_1/new/block_ram.sv" Line 1. Module block_ram doesn't have a timescale but at least one module in design has a timescale.
WARNING: [XSIM 43-4099] "/home/umer-javed/Pictures/upload/project_simulation/project_simulation.srcs/sources_1/new/block_ram.sv" Line 1. Module block_ram doesn't have a timescale but at least one module in design has a timescale.
WARNING: [XSIM 43-4099] "/home/umer-javed/Pictures/upload/project_simulation/project_simulation.srcs/sources_1/new/block_ram.sv" Line 1. Module block_ram doesn't have a timescale but at least one module in design has a timescale.
WARNING: [XSIM 43-4099] "/home/umer-javed/Pictures/upload/project_simulation/project_simulation.srcs/sources_1/new/block_ram.sv" Line 1. Module block_ram doesn't have a timescale but at least one module in design has a timescale.
WARNING: [XSIM 43-4099] "/home/umer-javed/Pictures/upload/project_simulation/project_simulation.srcs/sources_1/new/block_ram.sv" Line 1. Module block_ram doesn't have a timescale but at least one module in design has a timescale.
WARNING: [XSIM 43-4099] "/home/umer-javed/Pictures/upload/project_simulation/project_simulation.srcs/sources_1/new/block_ram.sv" Line 1. Module block_ram doesn't have a timescale but at least one module in design has a timescale.
WARNING: [XSIM 43-4099] "/home/umer-javed/Pictures/upload/project_simulation/project_simulation.srcs/sources_1/new/block_ram.sv" Line 1. Module block_ram doesn't have a timescale but at least one module in design has a timescale.
WARNING: [XSIM 43-4099] "/home/umer-javed/Pictures/upload/project_simulation/project_simulation.srcs/sources_1/new/block_ram.sv" Line 1. Module block_ram doesn't have a timescale but at least one module in design has a timescale.
WARNING: [XSIM 43-4099] "/home/umer-javed/Pictures/upload/project_simulation/project_simulation.srcs/sources_1/new/block_ram.sv" Line 1. Module block_ram doesn't have a timescale but at least one module in design has a timescale.
WARNING: [XSIM 43-4099] "/home/umer-javed/Pictures/upload/project_simulation/project_simulation.srcs/sources_1/new/block_ram.sv" Line 1. Module block_ram doesn't have a timescale but at least one module in design has a timescale.
WARNING: [XSIM 43-4099] "/home/umer-javed/Pictures/upload/project_simulation/project_simulation.srcs/sources_1/new/block_ram.sv" Line 1. Module block_ram doesn't have a timescale but at least one module in design has a timescale.
WARNING: [XSIM 43-4099] "/home/umer-javed/Pictures/upload/project_simulation/project_simulation.srcs/sources_1/new/block_ram.sv" Line 1. Module block_ram doesn't have a timescale but at least one module in design has a timescale.
WARNING: [XSIM 43-4099] "/home/umer-javed/Pictures/upload/project_simulation/project_simulation.srcs/sources_1/new/block_ram.sv" Line 1. Module block_ram doesn't have a timescale but at least one module in design has a timescale.
WARNING: [XSIM 43-4099] "/home/umer-javed/Pictures/upload/project_simulation/project_simulation.srcs/sources_1/new/block_ram.sv" Line 1. Module block_ram doesn't have a timescale but at least one module in design has a timescale.
WARNING: [XSIM 43-4099] "/home/umer-javed/Pictures/upload/project_simulation/project_simulation.srcs/sources_1/new/block_ram.sv" Line 1. Module block_ram doesn't have a timescale but at least one module in design has a timescale.
WARNING: [XSIM 43-4099] "/home/umer-javed/Pictures/upload/project_simulation/project_simulation.srcs/sources_1/new/block_ram.sv" Line 1. Module block_ram doesn't have a timescale but at least one module in design has a timescale.
WARNING: [XSIM 43-4099] "/home/umer-javed/Pictures/upload/project_simulation/project_simulation.srcs/sources_1/new/block_ram.sv" Line 1. Module block_ram doesn't have a timescale but at least one module in design has a timescale.
WARNING: [XSIM 43-4099] "/home/umer-javed/Pictures/upload/project_simulation/project_simulation.srcs/sources_1/new/block_ram.sv" Line 1. Module block_ram doesn't have a timescale but at least one module in design has a timescale.
WARNING: [XSIM 43-4099] "/home/umer-javed/Pictures/upload/project_simulation/project_simulation.srcs/sources_1/new/block_ram.sv" Line 1. Module block_ram doesn't have a timescale but at least one module in design has a timescale.
WARNING: [XSIM 43-4099] "/home/umer-javed/Pictures/upload/project_simulation/project_simulation.srcs/sources_1/new/block_ram.sv" Line 1. Module block_ram doesn't have a timescale but at least one module in design has a timescale.
WARNING: [XSIM 43-4099] "/home/umer-javed/Pictures/upload/project_simulation/project_simulation.srcs/sources_1/new/block_ram.sv" Line 1. Module block_ram doesn't have a timescale but at least one module in design has a timescale.
WARNING: [XSIM 43-4099] "/home/umer-javed/Pictures/upload/project_simulation/project_simulation.srcs/sources_1/new/block_ram.sv" Line 1. Module block_ram doesn't have a timescale but at least one module in design has a timescale.
WARNING: [XSIM 43-4099] "/home/umer-javed/Pictures/upload/project_simulation/project_simulation.srcs/sources_1/new/block_ram.sv" Line 1. Module block_ram doesn't have a timescale but at least one module in design has a timescale.
WARNING: [XSIM 43-4099] "/home/umer-javed/Pictures/upload/project_simulation/project_simulation.srcs/sources_1/new/block_ram.sv" Line 1. Module block_ram doesn't have a timescale but at least one module in design has a timescale.
WARNING: [XSIM 43-4099] "/home/umer-javed/Pictures/upload/project_simulation/project_simulation.srcs/sources_1/new/block_ram.sv" Line 1. Module block_ram doesn't have a timescale but at least one module in design has a timescale.
WARNING: [XSIM 43-4099] "/home/umer-javed/Pictures/upload/project_simulation/project_simulation.srcs/sources_1/new/block_ram.sv" Line 1. Module block_ram doesn't have a timescale but at least one module in design has a timescale.
WARNING: [XSIM 43-4099] "/home/umer-javed/Pictures/upload/project_simulation/project_simulation.srcs/sources_1/new/block_ram.sv" Line 1. Module block_ram doesn't have a timescale but at least one module in design has a timescale.
WARNING: [XSIM 43-4099] "/home/umer-javed/Pictures/upload/project_simulation/project_simulation.srcs/sources_1/new/block_ram.sv" Line 1. Module block_ram doesn't have a timescale but at least one module in design has a timescale.
WARNING: [XSIM 43-4099] "/home/umer-javed/Pictures/upload/project_simulation/project_simulation.srcs/sources_1/new/block_ram.sv" Line 1. Module block_ram doesn't have a timescale but at least one module in design has a timescale.
WARNING: [XSIM 43-4099] "/home/umer-javed/Pictures/upload/project_simulation/project_simulation.srcs/sources_1/new/block_ram.sv" Line 1. Module block_ram doesn't have a timescale but at least one module in design has a timescale.
WARNING: [XSIM 43-4099] "/home/umer-javed/Pictures/upload/project_simulation/project_simulation.srcs/sources_1/new/block_ram.sv" Line 1. Module block_ram doesn't have a timescale but at least one module in design has a timescale.
WARNING: [XSIM 43-4099] "/home/umer-javed/Pictures/upload/project_simulation/project_simulation.srcs/sources_1/new/block_ram.sv" Line 1. Module block_ram doesn't have a timescale but at least one module in design has a timescale.
WARNING: [XSIM 43-4099] "/home/umer-javed/Pictures/upload/project_simulation/project_simulation.srcs/sources_1/new/block_ram.sv" Line 1. Module block_ram doesn't have a timescale but at least one module in design has a timescale.
WARNING: [XSIM 43-4099] "/home/umer-javed/Pictures/upload/project_simulation/project_simulation.srcs/sources_1/new/block_ram.sv" Line 1. Module block_ram doesn't have a timescale but at least one module in design has a timescale.
WARNING: [XSIM 43-4099] "/home/umer-javed/Pictures/upload/project_simulation/project_simulation.srcs/sources_1/new/block_ram.sv" Line 1. Module block_ram doesn't have a timescale but at least one module in design has a timescale.
WARNING: [XSIM 43-4099] "/home/umer-javed/Pictures/upload/project_simulation/project_simulation.srcs/sources_1/new/block_ram.sv" Line 1. Module block_ram doesn't have a timescale but at least one module in design has a timescale.
WARNING: [XSIM 43-4099] "/home/umer-javed/Pictures/upload/project_simulation/project_simulation.srcs/sources_1/new/block_ram.sv" Line 1. Module block_ram doesn't have a timescale but at least one module in design has a timescale.
WARNING: [XSIM 43-4099] "/home/umer-javed/Pictures/upload/project_simulation/project_simulation.srcs/sources_1/new/block_ram.sv" Line 1. Module block_ram doesn't have a timescale but at least one module in design has a timescale.
WARNING: [XSIM 43-4099] "/home/umer-javed/Pictures/upload/project_simulation/project_simulation.srcs/sources_1/new/block_ram.sv" Line 1. Module block_ram doesn't have a timescale but at least one module in design has a timescale.
WARNING: [XSIM 43-4099] "/home/umer-javed/Pictures/upload/project_simulation/project_simulation.srcs/sources_1/new/block_ram.sv" Line 1. Module block_ram doesn't have a timescale but at least one module in design has a timescale.
WARNING: [XSIM 43-4099] "/home/umer-javed/Pictures/upload/project_simulation/project_simulation.srcs/sources_1/new/block_ram.sv" Line 1. Module block_ram doesn't have a timescale but at least one module in design has a timescale.
WARNING: [XSIM 43-4099] "/home/umer-javed/Pictures/upload/project_simulation/project_simulation.srcs/sources_1/new/block_ram.sv" Line 1. Module block_ram doesn't have a timescale but at least one module in design has a timescale.
WARNING: [XSIM 43-4099] "/home/umer-javed/Pictures/upload/project_simulation/project_simulation.srcs/sources_1/new/block_ram.sv" Line 1. Module block_ram doesn't have a timescale but at least one module in design has a timescale.
WARNING: [XSIM 43-4099] "/home/umer-javed/Pictures/upload/project_simulation/project_simulation.srcs/sources_1/new/block_ram.sv" Line 1. Module block_ram doesn't have a timescale but at least one module in design has a timescale.
WARNING: [XSIM 43-4099] "/home/umer-javed/Pictures/upload/project_simulation/project_simulation.srcs/sources_1/new/block_ram.sv" Line 1. Module block_ram doesn't have a timescale but at least one module in design has a timescale.
WARNING: [XSIM 43-4099] "/home/umer-javed/Pictures/upload/project_simulation/project_simulation.srcs/sources_1/new/block_ram.sv" Line 1. Module block_ram doesn't have a timescale but at least one module in design has a timescale.
WARNING: [XSIM 43-4099] "/home/umer-javed/Pictures/upload/project_simulation/project_simulation.srcs/sources_1/new/block_ram.sv" Line 1. Module block_ram doesn't have a timescale but at least one module in design has a timescale.
WARNING: [XSIM 43-4099] "/home/umer-javed/Pictures/upload/project_simulation/project_simulation.srcs/sources_1/new/block_ram.sv" Line 1. Module block_ram doesn't have a timescale but at least one module in design has a timescale.
WARNING: [XSIM 43-4099] "/home/umer-javed/Pictures/upload/project_simulation/project_simulation.srcs/sources_1/new/block_ram.sv" Line 1. Module block_ram doesn't have a timescale but at least one module in design has a timescale.
WARNING: [XSIM 43-4099] "/home/umer-javed/Pictures/upload/project_simulation/project_simulation.srcs/sources_1/new/block_ram.sv" Line 1. Module block_ram doesn't have a timescale but at least one module in design has a timescale.
WARNING: [XSIM 43-4099] "/home/umer-javed/Pictures/upload/project_simulation/project_simulation.srcs/sources_1/new/block_ram.sv" Line 1. Module block_ram doesn't have a timescale but at least one module in design has a timescale.
WARNING: [XSIM 43-4099] "/home/umer-javed/Pictures/upload/project_simulation/project_simulation.srcs/sources_1/new/block_ram.sv" Line 1. Module block_ram doesn't have a timescale but at least one module in design has a timescale.
WARNING: [XSIM 43-4099] "/home/umer-javed/Pictures/upload/project_simulation/project_simulation.srcs/sources_1/new/block_ram.sv" Line 1. Module block_ram doesn't have a timescale but at least one module in design has a timescale.
WARNING: [XSIM 43-4099] "/home/umer-javed/Pictures/upload/project_simulation/project_simulation.srcs/sources_1/new/block_ram.sv" Line 1. Module block_ram doesn't have a timescale but at least one module in design has a timescale.
WARNING: [XSIM 43-4099] "/home/umer-javed/Pictures/upload/project_simulation/project_simulation.srcs/sources_1/new/block_ram.sv" Line 1. Module block_ram doesn't have a timescale but at least one module in design has a timescale.
WARNING: [XSIM 43-4099] "/home/umer-javed/Pictures/upload/project_simulation/project_simulation.srcs/sources_1/new/block_ram.sv" Line 1. Module block_ram doesn't have a timescale but at least one module in design has a timescale.
WARNING: [XSIM 43-4099] "/home/umer-javed/Pictures/upload/project_simulation/project_simulation.srcs/sources_1/new/block_ram.sv" Line 1. Module block_ram doesn't have a timescale but at least one module in design has a timescale.
WARNING: [XSIM 43-4099] "/home/umer-javed/Pictures/upload/project_simulation/project_simulation.srcs/sources_1/new/block_ram.sv" Line 1. Module block_ram doesn't have a timescale but at least one module in design has a timescale.
WARNING: [XSIM 43-4099] "/home/umer-javed/Pictures/upload/project_simulation/project_simulation.srcs/sources_1/new/block_ram.sv" Line 1. Module block_ram doesn't have a timescale but at least one module in design has a timescale.
WARNING: [XSIM 43-4099] "/home/umer-javed/Pictures/upload/project_simulation/project_simulation.srcs/sources_1/new/block_ram.sv" Line 1. Module block_ram doesn't have a timescale but at least one module in design has a timescale.
WARNING: [XSIM 43-4099] "/home/umer-javed/Pictures/upload/project_simulation/project_simulation.srcs/sources_1/new/block_ram.sv" Line 1. Module block_ram doesn't have a timescale but at least one module in design has a timescale.
WARNING: [XSIM 43-4099] "/home/umer-javed/Pictures/upload/project_simulation/project_simulation.srcs/sources_1/new/block_ram.sv" Line 1. Module block_ram doesn't have a timescale but at least one module in design has a timescale.
WARNING: [XSIM 43-4099] "/home/umer-javed/Pictures/upload/project_simulation/project_simulation.srcs/sources_1/new/block_ram.sv" Line 1. Module block_ram doesn't have a timescale but at least one module in design has a timescale.
WARNING: [XSIM 43-4099] "/home/umer-javed/Pictures/upload/project_simulation/project_simulation.srcs/sources_1/new/block_ram.sv" Line 1. Module block_ram doesn't have a timescale but at least one module in design has a timescale.
WARNING: [XSIM 43-4099] "/home/umer-javed/Pictures/upload/project_simulation/project_simulation.srcs/sources_1/new/block_ram.sv" Line 1. Module block_ram doesn't have a timescale but at least one module in design has a timescale.
WARNING: [XSIM 43-4099] "/home/umer-javed/Pictures/upload/project_simulation/project_simulation.srcs/sources_1/new/block_ram.sv" Line 1. Module block_ram doesn't have a timescale but at least one module in design has a timescale.
WARNING: [XSIM 43-4099] "/home/umer-javed/Pictures/upload/project_simulation/project_simulation.srcs/sources_1/new/block_ram.sv" Line 1. Module block_ram doesn't have a timescale but at least one module in design has a timescale.
WARNING: [XSIM 43-4099] "/home/umer-javed/Pictures/upload/project_simulation/project_simulation.srcs/sources_1/new/block_ram.sv" Line 1. Module block_ram doesn't have a timescale but at least one module in design has a timescale.
WARNING: [XSIM 43-4099] "/home/umer-javed/Pictures/upload/project_simulation/project_simulation.srcs/sources_1/new/block_ram.sv" Line 1. Module block_ram doesn't have a timescale but at least one module in design has a timescale.
WARNING: [XSIM 43-4099] "/home/umer-javed/Pictures/upload/project_simulation/project_simulation.srcs/sources_1/new/block_ram.sv" Line 1. Module block_ram doesn't have a timescale but at least one module in design has a timescale.
WARNING: [XSIM 43-4099] "/home/umer-javed/Pictures/upload/project_simulation/project_simulation.srcs/sources_1/new/block_ram.sv" Line 1. Module block_ram doesn't have a timescale but at least one module in design has a timescale.
WARNING: [XSIM 43-4099] "/home/umer-javed/Pictures/upload/project_simulation/project_simulation.srcs/sources_1/new/block_ram.sv" Line 1. Module block_ram doesn't have a timescale but at least one module in design has a timescale.
WARNING: [XSIM 43-4099] "/home/umer-javed/Pictures/upload/project_simulation/project_simulation.srcs/sources_1/new/block_ram.sv" Line 1. Module block_ram doesn't have a timescale but at least one module in design has a timescale.
WARNING: [XSIM 43-4099] "/home/umer-javed/Pictures/upload/project_simulation/project_simulation.srcs/sources_1/new/block_ram.sv" Line 1. Module block_ram doesn't have a timescale but at least one module in design has a timescale.
WARNING: [XSIM 43-4099] "/home/umer-javed/Pictures/upload/project_simulation/project_simulation.srcs/sources_1/new/block_ram.sv" Line 1. Module block_ram doesn't have a timescale but at least one module in design has a timescale.
WARNING: [XSIM 43-4099] "/home/umer-javed/Pictures/upload/project_simulation/project_simulation.srcs/sources_1/new/block_ram.sv" Line 1. Module block_ram doesn't have a timescale but at least one module in design has a timescale.
WARNING: [XSIM 43-4099] "/home/umer-javed/Pictures/upload/project_simulation/project_simulation.srcs/sources_1/new/block_ram.sv" Line 1. Module block_ram doesn't have a timescale but at least one module in design has a timescale.
WARNING: [XSIM 43-4099] "/home/umer-javed/Pictures/upload/project_simulation/project_simulation.srcs/sources_1/new/block_ram.sv" Line 1. Module block_ram doesn't have a timescale but at least one module in design has a timescale.
WARNING: [XSIM 43-4099] "/home/umer-javed/Pictures/upload/project_simulation/project_simulation.srcs/sources_1/new/block_ram.sv" Line 1. Module block_ram doesn't have a timescale but at least one module in design has a timescale.
WARNING: [XSIM 43-4099] "/home/umer-javed/Pictures/upload/project_simulation/project_simulation.srcs/sources_1/new/block_ram.sv" Line 1. Module block_ram doesn't have a timescale but at least one module in design has a timescale.
WARNING: [XSIM 43-4099] "/home/umer-javed/Pictures/upload/project_simulation/project_simulation.srcs/sources_1/new/block_ram.sv" Line 1. Module block_ram doesn't have a timescale but at least one module in design has a timescale.
WARNING: [XSIM 43-4099] "/home/umer-javed/Pictures/upload/project_simulation/project_simulation.srcs/sources_1/new/block_ram.sv" Line 1. Module block_ram doesn't have a timescale but at least one module in design has a timescale.
WARNING: [XSIM 43-4099] "/home/umer-javed/Pictures/upload/project_simulation/project_simulation.srcs/sources_1/new/block_ram.sv" Line 1. Module block_ram doesn't have a timescale but at least one module in design has a timescale.
WARNING: [XSIM 43-4099] "/home/umer-javed/Pictures/upload/project_simulation/project_simulation.srcs/sources_1/new/block_ram.sv" Line 1. Module block_ram doesn't have a timescale but at least one module in design has a timescale.
WARNING: [XSIM 43-4099] "/home/umer-javed/Pictures/upload/project_simulation/project_simulation.srcs/sources_1/new/block_ram.sv" Line 1. Module block_ram doesn't have a timescale but at least one module in design has a timescale.
WARNING: [XSIM 43-4099] "/home/umer-javed/Pictures/upload/project_simulation/project_simulation.srcs/sources_1/new/block_ram.sv" Line 1. Module block_ram doesn't have a timescale but at least one module in design has a timescale.
WARNING: [XSIM 43-4099] "/home/umer-javed/Pictures/upload/project_simulation/project_simulation.srcs/sources_1/new/block_ram.sv" Line 1. Module block_ram doesn't have a timescale but at least one module in design has a timescale.
WARNING: [XSIM 43-4099] "/home/umer-javed/Pictures/upload/project_simulation/project_simulation.srcs/sources_1/new/block_ram.sv" Line 1. Module block_ram doesn't have a timescale but at least one module in design has a timescale.
WARNING: [XSIM 43-4099] "/home/umer-javed/Pictures/upload/project_simulation/project_simulation.srcs/sources_1/new/block_ram.sv" Line 1. Module block_ram doesn't have a timescale but at least one module in design has a timescale.
WARNING: [XSIM 43-4099] "/home/umer-javed/Pictures/upload/project_simulation/project_simulation.srcs/sources_1/new/block_ram.sv" Line 1. Module block_ram doesn't have a timescale but at least one module in design has a timescale.
WARNING: [XSIM 43-4099] "/home/umer-javed/Pictures/upload/project_simulation/project_simulation.srcs/sources_1/new/block_ram.sv" Line 1. Module block_ram doesn't have a timescale but at least one module in design has a timescale.
Completed simulation data flow analysis
Time Resolution for simulation is 1ps
Compiling package std.standard
Compiling package std.textio
Compiling package ieee.std_logic_1164
Compiling package floating_point_v7_1_19.floating_point_v7_1_19_viv_comp
Compiling package ieee.numeric_std
Compiling package xbip_utils_v3_0_14.xbip_utils_v3_0_14_pkg
Compiling package axi_utils_v2_0_10.axi_utils_v2_0_10_pkg
Compiling package floating_point_v7_1_19.floating_point_v7_1_19_consts
Compiling package ieee.math_real
Compiling package floating_point_v7_1_19.floating_point_v7_1_19_exp_table...
Compiling package mult_gen_v12_0_22.mult_gen_v12_0_22_pkg
Compiling package ieee.std_logic_arith
Compiling package ieee.std_logic_signed
Compiling package floating_point_v7_1_19.floating_point_v7_1_19_pkg
Compiling package floating_point_v7_1_19.flt_utils
Compiling package floating_point_v7_1_19.vt2mutils
Compiling package floating_point_v7_1_19.vt2mcomps
Compiling package unisim.vcomponents
Compiling package xbip_pipe_v3_0_10.xbip_pipe_v3_0_10_viv_comp
Compiling package mult_gen_v12_0_22.dsp_pkg
Compiling package ieee.vital_timing
Compiling package ieee.vital_primitives
Compiling package unisim.vpkg
Compiling module xil_defaultlib.block_ram
Compiling architecture xilinx of entity axi_utils_v2_0_10.axi_slave_2to1 [\axi_slave_2to1(c_a_tdata_width=...]
Compiling architecture muxcy_v of entity unisim.MUXCY [muxcy_default]
Compiling architecture xorcy_v of entity unisim.XORCY [xorcy_default]
Compiling architecture synth of entity xbip_pipe_v3_0_10.xbip_pipe_v3_0_10_viv [\xbip_pipe_v3_0_10_viv(c_has_ce=...]
Compiling architecture rtl of entity floating_point_v7_1_19.delay [\delay(width=32,length=0)\]
Compiling architecture struct of entity floating_point_v7_1_19.carry_chain [\carry_chain(c_xdevicefamily="ki...]
Compiling architecture synth of entity xbip_pipe_v3_0_10.xbip_pipe_v3_0_10_viv [\xbip_pipe_v3_0_10_viv(c_has_ce=...]
Compiling architecture rtl of entity floating_point_v7_1_19.delay [\delay(width=4,length=0)\]
Compiling architecture rtl of entity floating_point_v7_1_19.norm_zero_det [\norm_zero_det(data_width=7,norm...]
Compiling architecture synth of entity xbip_pipe_v3_0_10.xbip_pipe_v3_0_10_viv [\xbip_pipe_v3_0_10_viv(c_has_ce=...]
Compiling architecture rtl of entity floating_point_v7_1_19.delay [\delay(width=4,length=0,fast_inp...]
Compiling architecture rtl of entity floating_point_v7_1_19.mux4 [\mux4(c_xdevicefamily="kintexupl...]
Compiling architecture synth of entity xbip_pipe_v3_0_10.xbip_pipe_v3_0_10_viv [\xbip_pipe_v3_0_10_viv(c_has_ce=...]
Compiling architecture rtl of entity floating_point_v7_1_19.delay [\delay(width=2,length=0)\]
Compiling architecture synth of entity xbip_pipe_v3_0_10.xbip_pipe_v3_0_10_viv [\xbip_pipe_v3_0_10_viv(c_has_ce=...]
Compiling architecture rtl of entity floating_point_v7_1_19.delay [\delay(length=0,fast_input=true)...]
Compiling architecture rtl of entity floating_point_v7_1_19.mux4 [\mux4(c_xdevicefamily="kintexupl...]
Compiling architecture synth of entity xbip_pipe_v3_0_10.xbip_pipe_v3_0_10_viv [\xbip_pipe_v3_0_10_viv(c_has_ce=...]
Compiling architecture rtl of entity floating_point_v7_1_19.delay [\delay(width=8,length=0,fast_inp...]
Compiling architecture struct of entity floating_point_v7_1_19.carry_chain [\carry_chain(c_xdevicefamily="ki...]
Compiling architecture synth of entity xbip_pipe_v3_0_10.xbip_pipe_v3_0_10_viv [\xbip_pipe_v3_0_10_viv(c_has_ce=...]
Compiling architecture rtl of entity floating_point_v7_1_19.delay [\delay(length=0)\]
Compiling architecture rtl of entity floating_point_v7_1_19.lead_zero_encode [\lead_zero_encode(c_xdevicefamil...]
Compiling architecture rtl of entity floating_point_v7_1_19.shift_msb_first [\shift_msb_first(a_width=32,resu...]
Compiling architecture synth of entity xbip_pipe_v3_0_10.xbip_pipe_v3_0_10_viv [\xbip_pipe_v3_0_10_viv(c_has_ce=...]
Compiling architecture rtl of entity floating_point_v7_1_19.delay [\delay(width=8,length=0)\]
Compiling architecture synth of entity xbip_pipe_v3_0_10.xbip_pipe_v3_0_10_viv [\xbip_pipe_v3_0_10_viv(c_has_ce=...]
Compiling architecture rtl of entity floating_point_v7_1_19.delay [\delay(width=12,length=0)\]
Compiling architecture struct of entity floating_point_v7_1_19.carry_chain [\carry_chain(c_xdevicefamily="ki...]
Compiling architecture struct of entity floating_point_v7_1_19.carry_chain [\carry_chain(c_xdevicefamily="ki...]
Compiling architecture synth of entity xbip_pipe_v3_0_10.xbip_pipe_v3_0_10_viv [\xbip_pipe_v3_0_10_viv(c_has_ce=...]
Compiling architecture rtl of entity floating_point_v7_1_19.delay [\delay(width=14,length=0)\]
Compiling architecture synth of entity xbip_pipe_v3_0_10.xbip_pipe_v3_0_10_viv [\xbip_pipe_v3_0_10_viv(c_has_ce=...]
Compiling architecture rtl of entity floating_point_v7_1_19.delay [\delay(width=25,length=0)\]
Compiling architecture synth of entity xbip_pipe_v3_0_10.xbip_pipe_v3_0_10_viv [\xbip_pipe_v3_0_10_viv(c_has_ce=...]
Compiling architecture rtl of entity floating_point_v7_1_19.delay [\delay(width=3,length=0)\]
Compiling architecture synth of entity xbip_pipe_v3_0_10.xbip_pipe_v3_0_10_viv [\xbip_pipe_v3_0_10_viv(c_has_ce=...]
Compiling architecture rtl of entity floating_point_v7_1_19.delay [\delay(width=2,length=0,fast_inp...]
Compiling architecture struct of entity floating_point_v7_1_19.carry_chain [\carry_chain(c_xdevicefamily="ki...]
Compiling architecture rtl of entity floating_point_v7_1_19.flt_round_bit [\flt_round_bit(c_xdevicefamily="...]
Compiling architecture rtl of entity floating_point_v7_1_19.renorm_and_round_logic [\renorm_and_round_logic(c_xdevic...]
Compiling architecture synth of entity floating_point_v7_1_19.fix_to_flt_conv_exp [\fix_to_flt_conv_exp(c_xdevicefa...]
Compiling architecture synth of entity floating_point_v7_1_19.flt_dec_op [\flt_dec_op(c_xdevicefamily="kin...]
Compiling architecture struct of entity floating_point_v7_1_19.fix_to_flt_conv [\fix_to_flt_conv(c_xdevicefamily...]
Compiling module unisims_ver.x_lut1_mux2
Compiling module unisims_ver.LUT1
Compiling architecture synth of entity xbip_pipe_v3_0_10.xbip_pipe_v3_0_10_viv [\xbip_pipe_v3_0_10_viv(c_has_ce=...]
Compiling architecture xilinx of entity floating_point_v7_1_19.floating_point_v7_1_19_viv [\floating_point_v7_1_19_viv(c_xd...]
Compiling architecture xilinx of entity floating_point_v7_1_19.floating_point_v7_1_19 [\floating_point_v7_1_19(c_xdevic...]
Compiling module xil_defaultlib.floating_point_0
Compiling architecture xilinx of entity axi_utils_v2_0_10.axi_slave_2to1 [\axi_slave_2to1(c_a_tdata_width=...]
Compiling architecture synth of entity xbip_pipe_v3_0_10.xbip_pipe_v3_0_10_viv [\xbip_pipe_v3_0_10_viv(c_has_ce=...]
Compiling architecture rtl of entity floating_point_v7_1_19.delay [\delay(width=16,length=0)\]
Compiling architecture struct of entity floating_point_v7_1_19.carry_chain [\carry_chain(c_xdevicefamily="ki...]
Compiling architecture rtl of entity floating_point_v7_1_19.mux4 [\mux4(c_xdevicefamily="kintexupl...]
Compiling architecture struct of entity floating_point_v7_1_19.carry_chain [\carry_chain(c_xdevicefamily="ki...]
Compiling architecture rtl of entity floating_point_v7_1_19.lead_zero_encode [\lead_zero_encode(c_xdevicefamil...]
Compiling architecture rtl of entity floating_point_v7_1_19.shift_msb_first [\shift_msb_first(a_width=16,resu...]
Compiling architecture synth of entity floating_point_v7_1_19.fix_to_flt_conv_exp [\fix_to_flt_conv_exp(c_xdevicefa...]
Compiling architecture struct of entity floating_point_v7_1_19.fix_to_flt_conv [\fix_to_flt_conv(c_xdevicefamily...]
Compiling architecture xilinx of entity floating_point_v7_1_19.floating_point_v7_1_19_viv [\floating_point_v7_1_19_viv(c_xd...]
Compiling architecture xilinx of entity floating_point_v7_1_19.floating_point_v7_1_19 [\floating_point_v7_1_19(c_xdevic...]
Compiling module xil_defaultlib.floating_point_3
Compiling module xil_defaultlib.intN_to_fp32_wrapper
Compiling architecture synth of entity xbip_pipe_v3_0_10.xbip_pipe_v3_0_10_viv [\xbip_pipe_v3_0_10_viv(c_has_ce=...]
Compiling architecture rtl of entity floating_point_v7_1_19.delay [\delay(width=26,length=0,fast_in...]
Compiling architecture xilinx of entity mult_gen_v12_0_22.delay_line [\delay_line(c_xdevicefamily="kin...]
Compiling architecture xilinx of entity mult_gen_v12_0_22.delay_line [\delay_line(c_xdevicefamily="kin...]
Compiling architecture xilinx of entity mult_gen_v12_0_22.delay_line [\delay_line(c_xdevicefamily="kin...]
Compiling architecture xilinx of entity mult_gen_v12_0_22.delay_line [\delay_line(c_xdevicefamily="kin...]
Compiling architecture dsp48e2_v of entity unisim.DSP48E2 [\DSP48E2(acascreg=0,alumodereg=0...]
Compiling architecture xilinx of entity mult_gen_v12_0_22.delay_line [\delay_line(c_xdevicefamily="kin...]
Compiling architecture dsp48e2_v of entity unisim.DSP48E2 [\DSP48E2(acascreg=0,alumodereg=0...]
Compiling architecture xilinx of entity mult_gen_v12_0_22.delay_line [\delay_line(c_xdevicefamily="kin...]
Compiling architecture xilinx of entity mult_gen_v12_0_22.delay_line [\delay_line(c_xdevicefamily="kin...]
Compiling architecture xilinx of entity mult_gen_v12_0_22.op_resize [\op_resize(ai_width=24,bi_width=...]
Compiling architecture xilinx of entity mult_gen_v12_0_22.dsp [\dsp(c_xdevicefamily="kintexuplu...]
Compiling architecture xilinx of entity mult_gen_v12_0_22.mult_gen_v12_0_22_viv [\mult_gen_v12_0_22_viv(c_verbosi...]
Compiling architecture rtl of entity floating_point_v7_1_19.fix_mult_xx [\fix_mult_xx(c_xdevicefamily="ki...]
Compiling architecture rtl of entity floating_point_v7_1_19.fix_mult [\fix_mult(c_xdevicefamily="kinte...]
Compiling architecture struct of entity floating_point_v7_1_19.carry_chain [\carry_chain(c_xdevicefamily="ki...]
Compiling architecture struct of entity floating_point_v7_1_19.carry_chain [\carry_chain(c_xdevicefamily="ki...]
Compiling architecture synth of entity floating_point_v7_1_19.compare_eq_im [\compare_eq_im(c_xdevicefamily="...]
Compiling architecture rtl of entity floating_point_v7_1_19.special_detect [\special_detect(c_xdevicefamily=...]
Compiling architecture synth of entity xbip_pipe_v3_0_10.xbip_pipe_v3_0_10_viv [\xbip_pipe_v3_0_10_viv(c_latency...]
Compiling architecture rtl of entity floating_point_v7_1_19.delay [delay_default]
Compiling architecture synth of entity xbip_pipe_v3_0_10.xbip_pipe_v3_0_10_viv [\xbip_pipe_v3_0_10_viv(c_latency...]
Compiling architecture rtl of entity floating_point_v7_1_19.delay [\delay(width=2,fast_input=true)\]
Compiling architecture synth of entity xbip_pipe_v3_0_10.xbip_pipe_v3_0_10_viv [\xbip_pipe_v3_0_10_viv(c_latency...]
Compiling architecture rtl of entity floating_point_v7_1_19.delay [\delay(fast_input=true)\]
Compiling architecture synth of entity xbip_pipe_v3_0_10.xbip_pipe_v3_0_10_viv [\xbip_pipe_v3_0_10_viv(c_latency...]
Compiling architecture rtl of entity floating_point_v7_1_19.delay [\delay(width=4,fast_input=true)\]
Compiling architecture synth of entity xbip_pipe_v3_0_10.xbip_pipe_v3_0_10_viv [\xbip_pipe_v3_0_10_viv(c_latency...]
Compiling architecture rtl of entity floating_point_v7_1_19.delay [\delay(width=8)\]
Compiling architecture synth of entity xbip_pipe_v3_0_10.xbip_pipe_v3_0_10_viv [\xbip_pipe_v3_0_10_viv(c_has_ce=...]
Compiling architecture rtl of entity floating_point_v7_1_19.delay [\delay(width=3,length=0,fast_inp...]
Compiling architecture rtl of entity floating_point_v7_1_19.flt_mult_exp [\flt_mult_exp(c_xdevicefamily="k...]
Compiling architecture synth of entity xbip_pipe_v3_0_10.xbip_pipe_v3_0_10_viv [\xbip_pipe_v3_0_10_viv(c_has_ce=...]
Compiling architecture rtl of entity floating_point_v7_1_19.delay [\delay(width=12,length=0,fast_in...]
Compiling architecture struct of entity floating_point_v7_1_19.carry_chain [\carry_chain(c_xdevicefamily="ki...]
Compiling architecture struct of entity floating_point_v7_1_19.carry_chain [\carry_chain(c_xdevicefamily="ki...]
Compiling architecture synth of entity xbip_pipe_v3_0_10.xbip_pipe_v3_0_10_viv [\xbip_pipe_v3_0_10_viv(c_has_ce=...]
Compiling architecture rtl of entity floating_point_v7_1_19.delay [\delay(width=25,length=0,fast_in...]
Compiling architecture rtl of entity floating_point_v7_1_19.renorm_and_round_logic [\renorm_and_round_logic(c_xdevic...]
Compiling architecture rtl of entity floating_point_v7_1_19.flt_mult_round [\flt_mult_round(c_xdevicefamily=...]
Compiling architecture synth of entity floating_point_v7_1_19.flt_dec_op_lat [\flt_dec_op_lat(c_xdevicefamily=...]
Compiling architecture rtl of entity floating_point_v7_1_19.flt_mult [\flt_mult(c_xdevicefamily="kinte...]
Compiling architecture synth of entity xbip_pipe_v3_0_10.xbip_pipe_v3_0_10_viv [\xbip_pipe_v3_0_10_viv(c_latency...]
Compiling architecture xilinx of entity floating_point_v7_1_19.floating_point_v7_1_19_viv [\floating_point_v7_1_19_viv(c_xd...]
Compiling architecture xilinx of entity floating_point_v7_1_19.floating_point_v7_1_19 [\floating_point_v7_1_19(c_xdevic...]
Compiling module xil_defaultlib.floating_point_1
Compiling architecture synth of entity xbip_pipe_v3_0_10.xbip_pipe_v3_0_10_viv [\xbip_pipe_v3_0_10_viv(c_has_ce=...]
Compiling architecture rtl of entity floating_point_v7_1_19.delay [\delay(width=7,length=0)\]
Compiling architecture struct of entity floating_point_v7_1_19.carry_chain [\carry_chain(c_xdevicefamily="ki...]
Compiling architecture synth of entity floating_point_v7_1_19.compare_eq_im [\compare_eq_im(c_xdevicefamily="...]
Compiling architecture struct of entity floating_point_v7_1_19.carry_chain [\carry_chain(c_xdevicefamily="ki...]
Compiling architecture synth of entity xbip_pipe_v3_0_10.xbip_pipe_v3_0_10_viv [\xbip_pipe_v3_0_10_viv(c_has_ce=...]
Compiling architecture rtl of entity floating_point_v7_1_19.delay [\delay(width=24,length=0,fast_in...]
Compiling architecture dsp48e1_v of entity unisim.DSP48E1 [\DSP48E1(acascreg=0,adreg=0,alum...]
Compiling architecture synth of entity xbip_pipe_v3_0_10.xbip_pipe_v3_0_10_viv [\xbip_pipe_v3_0_10_viv(c_has_ce=...]
Compiling architecture rtl of entity floating_point_v7_1_19.delay [\delay(width=48,length=0)\]
Compiling architecture synth of entity xbip_pipe_v3_0_10.xbip_pipe_v3_0_10_viv [\xbip_pipe_v3_0_10_viv(c_has_ce=...]
Compiling architecture rtl of entity floating_point_v7_1_19.delay [\delay(width=24,length=0)\]
Compiling architecture rtl of entity floating_point_v7_1_19.dsp48e1_wrapper [\dsp48e1_wrapper(c_part="xcku5p-...]
Compiling architecture synth of entity xbip_pipe_v3_0_10.xbip_pipe_v3_0_10_viv [\xbip_pipe_v3_0_10_viv(c_has_ce=...]
Compiling architecture rtl of entity floating_point_v7_1_19.delay [\delay(width=13,length=0)\]
Compiling architecture synth of entity xbip_pipe_v3_0_10.xbip_pipe_v3_0_10_viv [\xbip_pipe_v3_0_10_viv(c_has_ce=...]
Compiling architecture rtl of entity floating_point_v7_1_19.delay [\delay(width=27,length=0)\]
Compiling architecture synth of entity floating_point_v7_1_19.align_add_dsp48e1_sgl [\align_add_dsp48e1_sgl(c_xdevice...]
Compiling architecture lut5_v of entity unisim.LUT5 [\LUT5(init="00000000000000001111...]
Compiling architecture lut5_v of entity unisim.LUT5 [\LUT5(init="00000000000000000000...]
Compiling architecture synth of entity xbip_pipe_v3_0_10.xbip_pipe_v3_0_10_viv [\xbip_pipe_v3_0_10_viv(c_has_ce=...]
Compiling architecture rtl of entity floating_point_v7_1_19.delay [\delay(width=5,length=0)\]
Compiling architecture rtl of entity floating_point_v7_1_19.lead_zero_encode_shift [\lead_zero_encode_shift(ab_fw=24...]
Compiling architecture lut6_v of entity unisim.LUT6 [\LUT6(init="11111110010101001011...]
Compiling architecture lut5_v of entity unisim.LUT5 [\LUT5(init="00010001010111110000...]
Compiling architecture lut5_v of entity unisim.LUT5 [\LUT5(init="11101110101000001111...]
Compiling architecture synth of entity xbip_pipe_v3_0_10.xbip_pipe_v3_0_10_viv [\xbip_pipe_v3_0_10_viv(c_latency...]
Compiling architecture rtl of entity floating_point_v7_1_19.delay [\delay(width=2)\]
Compiling architecture dsp48e1_v of entity unisim.DSP48E1 [\DSP48E1(adreg=0,alumodereg=0,ca...]
Compiling architecture rtl of entity floating_point_v7_1_19.dsp48e1_wrapper [\dsp48e1_wrapper(a_width=24,c_wi...]
Compiling architecture rtl of entity floating_point_v7_1_19.norm_and_round_dsp48e1_sgl [\norm_and_round_dsp48e1_sgl(c_mu...]
Compiling architecture lut5_v of entity unisim.LUT5 [\LUT5(init="10011001100110011001...]
Compiling architecture lut5_v of entity unisim.LUT5 [\LUT5(init="11111111000000001111...]
Compiling architecture synth of entity xbip_pipe_v3_0_10.xbip_pipe_v3_0_10_viv [\xbip_pipe_v3_0_10_viv(c_has_ce=...]
Compiling architecture rtl of entity floating_point_v7_1_19.delay [\delay(width=9,length=0)\]
Compiling architecture struct of entity floating_point_v7_1_19.carry_chain [\carry_chain(c_xdevicefamily="ki...]
Compiling architecture synth of entity xbip_pipe_v3_0_10.xbip_pipe_v3_0_10_viv [\xbip_pipe_v3_0_10_viv(c_latency...]
Compiling architecture rtl of entity floating_point_v7_1_19.delay [\delay(width=10)\]
Compiling architecture fdre_v of entity unisim.FDRE [fdre_default]
Compiling architecture fde_v of entity unisim.FDE [fde_default]
Compiling architecture struct of entity floating_point_v7_1_19.carry_chain [\carry_chain(c_xdevicefamily="ki...]
Compiling architecture synth of entity floating_point_v7_1_19.compare_eq_im [\compare_eq_im(c_xdevicefamily="...]
Compiling architecture rtl of entity floating_point_v7_1_19.special_detect [\special_detect(c_xdevicefamily=...]
Compiling architecture struct of entity floating_point_v7_1_19.carry_chain [\carry_chain(c_xdevicefamily="ki...]
Compiling architecture synth of entity floating_point_v7_1_19.compare_gt [\compare_gt(c_xdevicefamily="kin...]
Compiling architecture synth of entity floating_point_v7_1_19.compare [\compare(c_xdevicefamily="kintex...]
Compiling architecture synth of entity xbip_pipe_v3_0_10.xbip_pipe_v3_0_10_viv [\xbip_pipe_v3_0_10_viv(c_latency...]
Compiling architecture rtl of entity floating_point_v7_1_19.delay [\delay(width=9)\]
Compiling architecture synth of entity xbip_pipe_v3_0_10.xbip_pipe_v3_0_10_viv [\xbip_pipe_v3_0_10_viv(c_latency...]
Compiling architecture rtl of entity floating_point_v7_1_19.delay [\delay(width=2,length=2,fast_inp...]
Compiling architecture synth of entity xbip_pipe_v3_0_10.xbip_pipe_v3_0_10_viv [\xbip_pipe_v3_0_10_viv(c_latency...]
Compiling architecture rtl of entity floating_point_v7_1_19.delay [\delay(length=2,fast_input=true)...]
Compiling architecture rtl of entity floating_point_v7_1_19.flt_add_exp_sp [\flt_add_exp_sp(c_xdevicefamily=...]
Compiling architecture synth of entity xbip_pipe_v3_0_10.xbip_pipe_v3_0_10_viv [\xbip_pipe_v3_0_10_viv(c_latency...]
Compiling architecture rtl of entity floating_point_v7_1_19.delay [\delay(width=23)\]
Compiling architecture rtl of entity floating_point_v7_1_19.flt_add_dsp [\flt_add_dsp(c_xdevicefamily="ki...]
Compiling architecture rtl of entity floating_point_v7_1_19.flt_add [\flt_add(c_xdevicefamily="kintex...]
Compiling architecture synth of entity xbip_pipe_v3_0_10.xbip_pipe_v3_0_10_viv [\xbip_pipe_v3_0_10_viv(c_latency...]
Compiling architecture xilinx of entity floating_point_v7_1_19.floating_point_v7_1_19_viv [\floating_point_v7_1_19_viv(c_xd...]
Compiling architecture xilinx of entity floating_point_v7_1_19.floating_point_v7_1_19 [\floating_point_v7_1_19(c_xdevic...]
Compiling module xil_defaultlib.floating_point_2
Compiling module xil_defaultlib.dot_product_engine_default
Compiling module xil_defaultlib.top_dot_product_engine_default
Compiling module xil_defaultlib.axi_dpe(C_M_AXI_BURST_LEN=16)
Compiling module xil_defaultlib.top_axi_dpe_wrapper
Compiling module xil_defaultlib.tb_top_axi_dpe_wrapper
Compiling module xil_defaultlib.glbl
Built simulation snapshot tb_top_axi_dpe_wrapper_behav
